Unity Editor version:    2020.3.33f1 (915a7af8b0d5)
Branch:                  2020.3/staging
Build type:              Release
Batch mode:              YES
macOS version:           Version 12.1 (Build 21C52)
Darwin version:          21.2.0
Architecture:            x86_64
Running under Rosetta:   YES
Available memory:        16384 MB
Using pre-set license
Pro License: NO

COMMAND LINE ARGUMENTS:
/Applications/Unity/Hub/Editor/2020.3.33f1/Unity.app/Contents/MacOS/Unity
-adb2
-batchMode
-noUpm
-name
AssetImportWorker0
-projectPath
/Users/tugrulhasanfurkanabay/Documents/GitHub/Hexfall_Demo/HexFall_Demo
-logFile
Logs/AssetImportWorker0.log
-srvPort
53867
Successfully changed project path to: /Users/tugrulhasanfurkanabay/Documents/GitHub/Hexfall_Demo/HexFall_Demo
/Users/tugrulhasanfurkanabay/Documents/GitHub/Hexfall_Demo/HexFall_Demo
Using Asset Import Pipeline V2.
Refreshing native plugins compatible for Editor in 46.83 ms, found 2 plugins.
Preloading 0 native plugins for Editor in 0.00 ms.
Initialize engine version: 2020.3.33f1 (915a7af8b0d5)
[Subsystems] Discovering subsystems at path /Applications/Unity/Hub/Editor/2020.3.33f1/Unity.app/Contents/Resources/UnitySubsystems
[Subsystems] Discovering subsystems at path /Users/tugrulhasanfurkanabay/Documents/GitHub/Hexfall_Demo/HexFall_Demo/Assets
GfxDevice: creating device client; threaded=0
2022-05-01 16:24:57.661 Unity[42293:1687482] (null) preferred device: Apple M1 (high power)
2022-05-01 16:24:57.661 Unity[42293:1687482] Metal devices available: 1
2022-05-01 16:24:57.661 Unity[42293:1687482] 0: Apple M1 (high power)
2022-05-01 16:24:57.661 Unity[42293:1687482] Using device Apple M1 (high power)
Initializing Metal device caps: Apple M1
Initialize mono
Mono path[0] = '/Applications/Unity/Hub/Editor/2020.3.33f1/Unity.app/Contents/Managed'
Mono path[1] = '/Applications/Unity/Hub/Editor/2020.3.33f1/Unity.app/Contents/MonoBleedingEdge/lib/mono/unityjit'
Mono config path = '/Applications/Unity/Hub/Editor/2020.3.33f1/Unity.app/Contents/MonoBleedingEdge/etc'
Using monoOptions --debugger-agent=transport=dt_socket,embedding=1,server=y,suspend=n,address=127.0.0.1:56293
Begin MonoManager ReloadAssembly
Registering precompiled unity dll's ...
Register platform support module: /Applications/Unity/Hub/Editor/2020.3.33f1/Unity.app/Contents/PlaybackEngines/MacStandaloneSupport/UnityEditor.OSXStandalone.Extensions.dll
Registered in 0.003594 seconds.
Native extension for OSXStandalone target not found
Refreshing native plugins compatible for Editor in 32.71 ms, found 2 plugins.
Preloading 0 native plugins for Editor in 0.00 ms.
Mono: successfully reloaded assembly
- Completed reload, in  1.521 seconds
Domain Reload Profiling:
	ReloadAssembly (1522ms)
		BeginReloadAssembly (134ms)
			ExecutionOrderSort (0ms)
			DisableScriptedObjects (0ms)
			BackupInstance (0ms)
			ReleaseScriptingObjects (0ms)
			CreateAndSetChildDomain (3ms)
		EndReloadAssembly (1240ms)
			LoadAssemblies (131ms)
			RebuildTransferFunctionScriptingTraits (0ms)
			SetupTypeCache (188ms)
			ReleaseScriptCaches (0ms)
			RebuildScriptCaches (42ms)
			SetupLoadedEditorAssemblies (641ms)
				LogAssemblyErrors (0ms)
				InitializePlatformSupportModulesInManaged (14ms)
				SetLoadedEditorAssemblies (1ms)
				RefreshPlugins (33ms)
				BeforeProcessingInitializeOnLoad (33ms)
				ProcessInitializeOnLoadAttributes (371ms)
				ProcessInitializeOnLoadMethodAttributes (188ms)
				AfterProcessingInitializeOnLoad (0ms)
				EditorAssembliesLoaded (3ms)
			ExecutionOrderSort2 (0ms)
			AwakeInstancesAfterBackupRestoration (0ms)
Platform modules already initialized, skipping
Registering precompiled user dll's ...
Registered in 0.030527 seconds.
Begin MonoManager ReloadAssembly
Symbol file LoadedFromMemory doesn't match image /Users/tugrulhasanfurkanabay/Documents/GitHub/Hexfall_Demo/HexFall_Demo/Library/PackageCache/com.unity.collab-proxy@1.15.15/Lib/Editor/PlasticSCM/unityplastic.dll
Native extension for OSXStandalone target not found
Refreshing native plugins compatible for Editor in 0.28 ms, found 2 plugins.
Preloading 0 native plugins for Editor in 0.00 ms.
Mono: successfully reloaded assembly
- Completed reload, in  2.140 seconds
Domain Reload Profiling:
	ReloadAssembly (2141ms)
		BeginReloadAssembly (284ms)
			ExecutionOrderSort (0ms)
			DisableScriptedObjects (34ms)
			BackupInstance (0ms)
			ReleaseScriptingObjects (0ms)
			CreateAndSetChildDomain (33ms)
		EndReloadAssembly (1764ms)
			LoadAssemblies (210ms)
			RebuildTransferFunctionScriptingTraits (0ms)
			SetupTypeCache (301ms)
			ReleaseScriptCaches (0ms)
			RebuildScriptCaches (48ms)
			SetupLoadedEditorAssemblies (974ms)
				LogAssemblyErrors (0ms)
				InitializePlatformSupportModulesInManaged (16ms)
				SetLoadedEditorAssemblies (1ms)
				RefreshPlugins (0ms)
				BeforeProcessingInitializeOnLoad (112ms)
				ProcessInitializeOnLoadAttributes (816ms)
				ProcessInitializeOnLoadMethodAttributes (28ms)
				AfterProcessingInitializeOnLoad (1ms)
				EditorAssembliesLoaded (0ms)
			ExecutionOrderSort2 (0ms)
			AwakeInstancesAfterBackupRestoration (36ms)
Platform modules already initialized, skipping
Validating Project structure ... 0.000078 seconds.
Shader import version has changed; will reimport all shaders...
Upgrading shader files ...0.000128 seconds.
Application.AssetDatabase Initial Script Refresh Start
RefreshInfo: InitialScriptRefreshV2(NoUpdateAssetOptions) scanfilter:  ... 1 filters
RefreshProfiler: Total: 0.000ms
Application.AssetDatabase Initial Script Refresh End
Application.AssetDatabase.Refresh Start
Application.AssetDatabase.Refresh End
RefreshInfo: StopAssetImportingV2(ForceSynchronousImport) scanfilter: 
RefreshProfiler: Total: 0.000ms
Launching external process: /Applications/Unity/Hub/Editor/2020.3.33f1/Unity.app/Contents/Tools/UnityShaderCompiler
Launched and connected shader compiler UnityShaderCompiler after 0.13 seconds
Initializing Unity extensions:
2022-05-01 16:25:02.710 Unity[42293:1687482] NSEventModifierFlagFunction specified to -setKeyEquivalentModifierMask: for item <NSMenuItem: 0x600000c20cb0 Font Asset, ke='Command-F12'>, but is only supported for system-provided menu items; will not be used
2022-05-01 16:25:02.713 Unity[42293:1687482] NSEventModifierFlagFunction specified to -setKeyEquivalentModifierMask: for item <NSMenuItem: 0x600000c303f0 Font Asset, ke='Command-F12'>, but is only supported for system-provided menu items; will not be used
========================================================================
Worker process is ready to serve import requests
Refreshing native plugins compatible for Editor in 0.18 ms, found 2 plugins.
Preloading 0 native plugins for Editor in 0.00 ms.
Unloading 1509 Unused Serialized files (Serialized files now loaded: 0)
System memory in use before: 176.7 MB.
System memory in use after: 175.9 MB.

Unloading 77 unused Assets to reduce memory usage. Loaded Objects now: 1984.
Total: 3.291625 ms (FindLiveObjects: 0.080625 ms CreateObjectMapping: 0.029792 ms MarkObjects: 2.752958 ms  DeleteObjects: 0.426084 ms)

AssetImportParameters requested are different than current active one (requested -> active):
  custom:video-decoder-ogg-theora: a1e56fd34408186e4bbccfd4996cb3dc -> 
  custom:container-muxer-webm: aa71ff27fc2769a1b78a27578f13a17b -> 
  custom:container-demuxer-webm: 4f35f7cbe854078d1ac9338744f61a02 -> 
  custom:container-demuxer-ogg: 62fdf1f143b41e24485cea50d1cbac27 -> 
  custom:video-encoder-webm-vp8: eb34c28f22e8b96e1ab97ce403110664 -> 
  custom:framework-osx-AVFoundation: e770b220cccbd017edd2c1fefb359320 -> 
  custom:video-decoder-webm-vp8: 9c59270c3fd7afecdb556c50c9e8de78 -> 
  custom:audio-decoder-ogg-vorbis: bf7c407c2cedff20999df2af8eb42d56 -> 
  custom:audio-encoder-webm-vorbis: bf7c407c2cedff20999df2af8eb42d56 -> 
========================================================================
Received Import Request.
  path: Assets/Scenes
  artifactKey: Guid(7dec6e6be166d41d58b75fb1155b29f3) Importer(815301076,1909f56bfc062723c751e8b465ee728b)
Start importing Assets/Scenes using Guid(7dec6e6be166d41d58b75fb1155b29f3) Importer(815301076,1909f56bfc062723c751e8b465ee728b)  -> (artifact id: '1ebbccb52ef7f9dff978b4a12037ff92') in 0.005781 seconds 
========================================================================
Received Import Request.
  Time since last request: 2.143108 seconds.
  path: Assets/Scenes/Prefabs
  artifactKey: Guid(f963a3803cd5845c08a0a04fde461b43) Importer(815301076,1909f56bfc062723c751e8b465ee728b)
Start importing Assets/Scenes/Prefabs using Guid(f963a3803cd5845c08a0a04fde461b43) Importer(815301076,1909f56bfc062723c751e8b465ee728b)  -> (artifact id: '62660814100b2a87a9383f6c042edd15') in 0.001060 seconds 
========================================================================
Received Import Request.
  Time since last request: 9.864084 seconds.
  path: Assets/Scenes/Scripts
  artifactKey: Guid(d31c5c4b020cf4aa1850ec2fcb083f65) Importer(815301076,1909f56bfc062723c751e8b465ee728b)
Start importing Assets/Scenes/Scripts using Guid(d31c5c4b020cf4aa1850ec2fcb083f65) Importer(815301076,1909f56bfc062723c751e8b465ee728b)  -> (artifact id: 'a14849bfbdeb20a0a6ba623aad627518') in 0.001421 seconds 
========================================================================
Received Import Request.
  Time since last request: 6.650050 seconds.
  path: Assets/Scenes/Sprites
  artifactKey: Guid(2cbfb74faaa8f42c49ba42c788e93cd1) Importer(815301076,1909f56bfc062723c751e8b465ee728b)
Start importing Assets/Scenes/Sprites using Guid(2cbfb74faaa8f42c49ba42c788e93cd1) Importer(815301076,1909f56bfc062723c751e8b465ee728b)  -> (artifact id: '52856a68e4465d86321d867468d409ab') in 0.001486 seconds 
========================================================================
Received Import Request.
  Time since last request: 14.849858 seconds.
  path: Assets/Scenes/New Folder
  artifactKey: Guid(4b327cb7abfda46e78fba3603380f352) Importer(815301076,1909f56bfc062723c751e8b465ee728b)
Start importing Assets/Scenes/New Folder using Guid(4b327cb7abfda46e78fba3603380f352) Importer(815301076,1909f56bfc062723c751e8b465ee728b)  -> (artifact id: 'de4e8cc88656996a63e1e6f05b02124f') in 0.001255 seconds 
========================================================================
Received Import Request.
  Time since last request: 22.580106 seconds.
  path: Assets/Sprites/Group 5-2.png
  artifactKey: Guid(10824c17175584390afc8d3d247bb4c3) Importer(815301076,1909f56bfc062723c751e8b465ee728b)
Start importing Assets/Sprites/Group 5-2.png using Guid(10824c17175584390afc8d3d247bb4c3) Importer(815301076,1909f56bfc062723c751e8b465ee728b)  -> (artifact id: 'f938301536b2e38c8297d0d2ece1fe35') in 0.266054 seconds 
========================================================================
Received Import Request.
  Time since last request: 0.000197 seconds.
  path: Assets/Sprites/Subtract-4.png
  artifactKey: Guid(4856a527f4fa34b05825f2ff67bf3c45) Importer(815301076,1909f56bfc062723c751e8b465ee728b)
Start importing Assets/Sprites/Subtract-4.png using Guid(4856a527f4fa34b05825f2ff67bf3c45) Importer(815301076,1909f56bfc062723c751e8b465ee728b)  -> (artifact id: '4dfa7746d6b0c6a730f9b297e3c96047') in 0.010566 seconds 
========================================================================
Received Import Request.
  Time since last request: 0.000122 seconds.
  path: Assets/Sprites/Group 5.png
  artifactKey: Guid(b7f29dfaa6f784065be42380f5643eae) Importer(815301076,1909f56bfc062723c751e8b465ee728b)
Start importing Assets/Sprites/Group 5.png using Guid(b7f29dfaa6f784065be42380f5643eae) Importer(815301076,1909f56bfc062723c751e8b465ee728b)  -> (artifact id: 'daa58df113686ec70e820420f78f3df6') in 0.005829 seconds 
========================================================================
Received Import Request.
  Time since last request: 6.514757 seconds.
  path: Assets/Sprites/Group 5-2.png
  artifactKey: Guid(10824c17175584390afc8d3d247bb4c3) Importer(815301076,1909f56bfc062723c751e8b465ee728b)
Start importing Assets/Sprites/Group 5-2.png using Guid(10824c17175584390afc8d3d247bb4c3) Importer(815301076,1909f56bfc062723c751e8b465ee728b)  -> (artifact id: 'c58f9ab006c1a7f1c6c2b9b3665c8ef4') in 0.072155 seconds 
========================================================================
Received Import Request.
  Time since last request: 0.000213 seconds.
  path: Assets/Sprites/Subtract-4.png
  artifactKey: Guid(4856a527f4fa34b05825f2ff67bf3c45) Importer(815301076,1909f56bfc062723c751e8b465ee728b)
Start importing Assets/Sprites/Subtract-4.png using Guid(4856a527f4fa34b05825f2ff67bf3c45) Importer(815301076,1909f56bfc062723c751e8b465ee728b)  -> (artifact id: 'f46f8420add3c7422525a035e66ce14b') in 0.011571 seconds 
========================================================================
Received Import Request.
  Time since last request: 0.000118 seconds.
  path: Assets/Sprites/Group 5.png
  artifactKey: Guid(b7f29dfaa6f784065be42380f5643eae) Importer(815301076,1909f56bfc062723c751e8b465ee728b)
Start importing Assets/Sprites/Group 5.png using Guid(b7f29dfaa6f784065be42380f5643eae) Importer(815301076,1909f56bfc062723c751e8b465ee728b)  -> (artifact id: '6d50987374a79e4daede187515021549') in 0.009525 seconds 
========================================================================
Received Import Request.
  Time since last request: 1.533007 seconds.
  path: Assets/Sprites/UI
  artifactKey: Guid(2b550a272de334c92a67257be5d82146) Importer(815301076,1909f56bfc062723c751e8b465ee728b)
Start importing Assets/Sprites/UI using Guid(2b550a272de334c92a67257be5d82146) Importer(815301076,1909f56bfc062723c751e8b465ee728b)  -> (artifact id: '9bcacce426406014d7d783121b6af9e5') in 0.001823 seconds 
========================================================================
Received Import Request.
  Time since last request: 0.021608 seconds.
  path: Assets/Sprites/UI/replay_icon.png
  artifactKey: Guid(f90a79f47574149eea57e0e8c3e5d630) Importer(815301076,1909f56bfc062723c751e8b465ee728b)
Start importing Assets/Sprites/UI/replay_icon.png using Guid(f90a79f47574149eea57e0e8c3e5d630) Importer(815301076,1909f56bfc062723c751e8b465ee728b)  -> (artifact id: 'da5bf67535e515533feea5ea04151bdd') in 0.012600 seconds 
========================================================================
Received Import Request.
  Time since last request: 0.000172 seconds.
  path: Assets/Sprites/UI/settings_option_canvas.png
  artifactKey: Guid(cf5e3b81f26b24dfebfbd2f4cce8d93d) Importer(815301076,1909f56bfc062723c751e8b465ee728b)
Start importing Assets/Sprites/UI/settings_option_canvas.png using Guid(cf5e3b81f26b24dfebfbd2f4cce8d93d) Importer(815301076,1909f56bfc062723c751e8b465ee728b)  -> (artifact id: 'cdcf64b148d29f65394df7692d335cbb') in 0.009275 seconds 
========================================================================
Received Import Request.
  Time since last request: 0.000195 seconds.
  path: Assets/Sprites/UI/settings_button_canvas.png
  artifactKey: Guid(157ec09e77f1e4238bf0db99bf6ee858) Importer(815301076,1909f56bfc062723c751e8b465ee728b)
Start importing Assets/Sprites/UI/settings_button_canvas.png using Guid(157ec09e77f1e4238bf0db99bf6ee858) Importer(815301076,1909f56bfc062723c751e8b465ee728b)  -> (artifact id: '611798740fd7b6ab2a414a54b8253909') in 0.009117 seconds 
========================================================================
Received Import Request.
  Time since last request: 0.000175 seconds.
  path: Assets/Sprites/UI/settings_icon.png
  artifactKey: Guid(507902ae6fa174473957d0ba38e9c856) Importer(815301076,1909f56bfc062723c751e8b465ee728b)
Start importing Assets/Sprites/UI/settings_icon.png using Guid(507902ae6fa174473957d0ba38e9c856) Importer(815301076,1909f56bfc062723c751e8b465ee728b)  -> (artifact id: 'db0f5cda6dd85d3802b7bdcfa11bc9c9') in 0.015587 seconds 
========================================================================
Received Prepare
Registering precompiled user dll's ...
Registered in 0.001160 seconds.
Begin MonoManager ReloadAssembly
Symbol file LoadedFromMemory doesn't match image /Users/tugrulhasanfurkanabay/Documents/GitHub/Hexfall_Demo/HexFall_Demo/Library/PackageCache/com.unity.collab-proxy@1.15.15/Lib/Editor/PlasticSCM/unityplastic.dll
Native extension for OSXStandalone target not found
Refreshing native plugins compatible for Editor in 0.29 ms, found 2 plugins.
Preloading 0 native plugins for Editor in 0.00 ms.
2022-05-01 16:26:33.552 Unity[42293:1687482] NSEventModifierFlagFunction specified to -setKeyEquivalentModifierMask: for item <NSMenuItem: 0x600000c2f020 Font Asset, ke='Command-F12'>, but is only supported for system-provided menu items; will not be used
Mono: successfully reloaded assembly
- Completed reload, in  2.190 seconds
Domain Reload Profiling:
	ReloadAssembly (2191ms)
		BeginReloadAssembly (230ms)
			ExecutionOrderSort (0ms)
			DisableScriptedObjects (32ms)
			BackupInstance (0ms)
			ReleaseScriptingObjects (0ms)
			CreateAndSetChildDomain (77ms)
		EndReloadAssembly (1865ms)
			LoadAssemblies (212ms)
			RebuildTransferFunctionScriptingTraits (0ms)
			SetupTypeCache (324ms)
			ReleaseScriptCaches (1ms)
			RebuildScriptCaches (48ms)
			SetupLoadedEditorAssemblies (1023ms)
				LogAssemblyErrors (0ms)
				InitializePlatformSupportModulesInManaged (15ms)
				SetLoadedEditorAssemblies (1ms)
				RefreshPlugins (0ms)
				BeforeProcessingInitializeOnLoad (152ms)
				ProcessInitializeOnLoadAttributes (824ms)
				ProcessInitializeOnLoadMethodAttributes (28ms)
				AfterProcessingInitializeOnLoad (1ms)
				EditorAssembliesLoaded (0ms)
			ExecutionOrderSort2 (0ms)
			AwakeInstancesAfterBackupRestoration (33ms)
Platform modules already initialized, skipping
Refreshing native plugins compatible for Editor in 0.20 ms, found 2 plugins.
Preloading 0 native plugins for Editor in 0.00 ms.
Unloading 1506 Unused Serialized files (Serialized files now loaded: 0)
System memory in use before: 179.0 MB.
System memory in use after: 179.1 MB.

Unloading 12 unused Assets to reduce memory usage. Loaded Objects now: 2011.
Total: 1.930583 ms (FindLiveObjects: 0.072792 ms CreateObjectMapping: 0.030042 ms MarkObjects: 1.810625 ms  DeleteObjects: 0.016209 ms)

AssetImportParameters requested are different than current active one (requested -> active):
  custom:video-decoder-ogg-theora: a1e56fd34408186e4bbccfd4996cb3dc -> 
  custom:container-muxer-webm: aa71ff27fc2769a1b78a27578f13a17b -> 
  custom:container-demuxer-webm: 4f35f7cbe854078d1ac9338744f61a02 -> 
  custom:container-demuxer-ogg: 62fdf1f143b41e24485cea50d1cbac27 -> 
  custom:video-encoder-webm-vp8: eb34c28f22e8b96e1ab97ce403110664 -> 
  custom:framework-osx-AVFoundation: e770b220cccbd017edd2c1fefb359320 -> 
  custom:video-decoder-webm-vp8: 9c59270c3fd7afecdb556c50c9e8de78 -> 
  custom:audio-decoder-ogg-vorbis: bf7c407c2cedff20999df2af8eb42d56 -> 
  custom:audio-encoder-webm-vorbis: bf7c407c2cedff20999df2af8eb42d56 -> 
========================================================================
Received Import Request.
  Time since last request: 34.397429 seconds.
  path: Assets/Sprites/Grid.cs
  artifactKey: Guid(265f72ecf6530454aae70c12009c18f8) Importer(815301076,1909f56bfc062723c751e8b465ee728b)
Start importing Assets/Sprites/Grid.cs using Guid(265f72ecf6530454aae70c12009c18f8) Importer(815301076,1909f56bfc062723c751e8b465ee728b)  -> (artifact id: '89a01c28c23e4ab047f30579701312b6') in 0.089200 seconds 
========================================================================
Received Prepare
Registering precompiled user dll's ...
Registered in 0.001169 seconds.
Begin MonoManager ReloadAssembly
Symbol file LoadedFromMemory doesn't match image /Users/tugrulhasanfurkanabay/Documents/GitHub/Hexfall_Demo/HexFall_Demo/Library/PackageCache/com.unity.collab-proxy@1.15.15/Lib/Editor/PlasticSCM/unityplastic.dll
Native extension for OSXStandalone target not found
Refreshing native plugins compatible for Editor in 0.40 ms, found 2 plugins.
Preloading 0 native plugins for Editor in 0.00 ms.
2022-05-01 16:26:51.530 Unity[42293:1687482] NSEventModifierFlagFunction specified to -setKeyEquivalentModifierMask: for item <NSMenuItem: 0x600000c54bd0 Font Asset, ke='Command-F12'>, but is only supported for system-provided menu items; will not be used
Mono: successfully reloaded assembly
- Completed reload, in  2.202 seconds
Domain Reload Profiling:
	ReloadAssembly (2203ms)
		BeginReloadAssembly (218ms)
			ExecutionOrderSort (0ms)
			DisableScriptedObjects (36ms)
			BackupInstance (0ms)
			ReleaseScriptingObjects (0ms)
			CreateAndSetChildDomain (60ms)
		EndReloadAssembly (1886ms)
			LoadAssemblies (218ms)
			RebuildTransferFunctionScriptingTraits (0ms)
			SetupTypeCache (316ms)
			ReleaseScriptCaches (1ms)
			RebuildScriptCaches (47ms)
			SetupLoadedEditorAssemblies (1029ms)
				LogAssemblyErrors (0ms)
				InitializePlatformSupportModulesInManaged (18ms)
				SetLoadedEditorAssemblies (1ms)
				RefreshPlugins (0ms)
				BeforeProcessingInitializeOnLoad (172ms)
				ProcessInitializeOnLoadAttributes (804ms)
				ProcessInitializeOnLoadMethodAttributes (32ms)
				AfterProcessingInitializeOnLoad (1ms)
				EditorAssembliesLoaded (0ms)
			ExecutionOrderSort2 (0ms)
			AwakeInstancesAfterBackupRestoration (32ms)
Platform modules already initialized, skipping
Refreshing native plugins compatible for Editor in 0.20 ms, found 2 plugins.
Preloading 0 native plugins for Editor in 0.00 ms.
Unloading 1506 Unused Serialized files (Serialized files now loaded: 0)
System memory in use before: 183.3 MB.
System memory in use after: 183.4 MB.

Unloading 11 unused Assets to reduce memory usage. Loaded Objects now: 2014.
Total: 1.930667 ms (FindLiveObjects: 0.062291 ms CreateObjectMapping: 0.034000 ms MarkObjects: 1.819250 ms  DeleteObjects: 0.014250 ms)

AssetImportParameters requested are different than current active one (requested -> active):
  custom:video-decoder-ogg-theora: a1e56fd34408186e4bbccfd4996cb3dc -> 
  custom:container-muxer-webm: aa71ff27fc2769a1b78a27578f13a17b -> 
  custom:container-demuxer-webm: 4f35f7cbe854078d1ac9338744f61a02 -> 
  custom:container-demuxer-ogg: 62fdf1f143b41e24485cea50d1cbac27 -> 
  custom:video-encoder-webm-vp8: eb34c28f22e8b96e1ab97ce403110664 -> 
  custom:framework-osx-AVFoundation: e770b220cccbd017edd2c1fefb359320 -> 
  custom:video-decoder-webm-vp8: 9c59270c3fd7afecdb556c50c9e8de78 -> 
  custom:audio-decoder-ogg-vorbis: bf7c407c2cedff20999df2af8eb42d56 -> 
  custom:audio-encoder-webm-vorbis: bf7c407c2cedff20999df2af8eb42d56 -> 
========================================================================
Received Import Request.
  Time since last request: 27.371087 seconds.
  path: Assets/Scenes/Game.unity
  artifactKey: Guid(1c42409333b7f412fa9bdfa19812d087) Importer(815301076,1909f56bfc062723c751e8b465ee728b)
Start importing Assets/Scenes/Game.unity using Guid(1c42409333b7f412fa9bdfa19812d087) Importer(815301076,1909f56bfc062723c751e8b465ee728b)  -> (artifact id: '47fef83ac0961a550d215eaa4c23f5ba') in 0.005727 seconds 
========================================================================
Received Import Request.
  Time since last request: 60.325059 seconds.
  path: Assets/Scripts/THF_UI_System.cs
  artifactKey: Guid(73c561229d7cc430692e5b94070b6b8d) Importer(815301076,1909f56bfc062723c751e8b465ee728b)
Start importing Assets/Scripts/THF_UI_System.cs using Guid(73c561229d7cc430692e5b94070b6b8d) Importer(815301076,1909f56bfc062723c751e8b465ee728b)  -> (artifact id: 'c56e285523f399a0e6230e98fba749ee') in 0.003872 seconds 
========================================================================
Received Import Request.
  Time since last request: 0.393730 seconds.
  path: Assets/Scripts/THF_UI_Screen.cs
  artifactKey: Guid(b1540b2fed12f4a98830a621ff3d29ed) Importer(815301076,1909f56bfc062723c751e8b465ee728b)
Start importing Assets/Scripts/THF_UI_Screen.cs using Guid(b1540b2fed12f4a98830a621ff3d29ed) Importer(815301076,1909f56bfc062723c751e8b465ee728b)  -> (artifact id: '4f773a40c91c75d44bec363f33e39624') in 0.003552 seconds 
========================================================================
Received Prepare
Registering precompiled user dll's ...
Registered in 0.001156 seconds.
Begin MonoManager ReloadAssembly
Symbol file LoadedFromMemory doesn't match image /Users/tugrulhasanfurkanabay/Documents/GitHub/Hexfall_Demo/HexFall_Demo/Library/PackageCache/com.unity.collab-proxy@1.15.15/Lib/Editor/PlasticSCM/unityplastic.dll
Native extension for OSXStandalone target not found
Refreshing native plugins compatible for Editor in 0.32 ms, found 2 plugins.
Preloading 0 native plugins for Editor in 0.00 ms.
2022-05-01 16:29:45.711 Unity[42293:1687482] NSEventModifierFlagFunction specified to -setKeyEquivalentModifierMask: for item <NSMenuItem: 0x600000c67950 Font Asset, ke='Command-F12'>, but is only supported for system-provided menu items; will not be used
Mono: successfully reloaded assembly
- Completed reload, in  2.524 seconds
Domain Reload Profiling:
	ReloadAssembly (2534ms)
		BeginReloadAssembly (340ms)
			ExecutionOrderSort (0ms)
			DisableScriptedObjects (41ms)
			BackupInstance (0ms)
			ReleaseScriptingObjects (0ms)
			CreateAndSetChildDomain (128ms)
		EndReloadAssembly (2082ms)
			LoadAssemblies (272ms)
			RebuildTransferFunctionScriptingTraits (0ms)
			SetupTypeCache (314ms)
			ReleaseScriptCaches (1ms)
			RebuildScriptCaches (47ms)
			SetupLoadedEditorAssemblies (1165ms)
				LogAssemblyErrors (0ms)
				InitializePlatformSupportModulesInManaged (20ms)
				SetLoadedEditorAssemblies (2ms)
				RefreshPlugins (0ms)
				BeforeProcessingInitializeOnLoad (196ms)
				ProcessInitializeOnLoadAttributes (911ms)
				ProcessInitializeOnLoadMethodAttributes (34ms)
				AfterProcessingInitializeOnLoad (1ms)
				EditorAssembliesLoaded (1ms)
			ExecutionOrderSort2 (0ms)
			AwakeInstancesAfterBackupRestoration (40ms)
Platform modules already initialized, skipping
Switching build target platform(2) subTarget(0) extendedPlatform(0) -> platform(13) subTarget(537395200) extendedPlatform(0)
Refreshing native plugins compatible for Editor in 0.32 ms, found 2 plugins.
Preloading 0 native plugins for Editor in 0.00 ms.
Unloading 1523 Unused Serialized files (Serialized files now loaded: 0)
System memory in use before: 186.6 MB.
System memory in use after: 186.0 MB.

Unloading 24 unused Assets to reduce memory usage. Loaded Objects now: 2017.
Total: 2.136833 ms (FindLiveObjects: 0.076000 ms CreateObjectMapping: 0.029042 ms MarkObjects: 1.750917 ms  DeleteObjects: 0.280000 ms)

AssetImportParameters requested are different than current active one (requested -> active):
  custom:video-decoder-ogg-theora: a1e56fd34408186e4bbccfd4996cb3dc -> 
  custom:container-muxer-webm: aa71ff27fc2769a1b78a27578f13a17b -> 
  custom:container-demuxer-webm: 4f35f7cbe854078d1ac9338744f61a02 -> 
  custom:container-demuxer-ogg: 62fdf1f143b41e24485cea50d1cbac27 -> 
  custom:video-encoder-webm-vp8: eb34c28f22e8b96e1ab97ce403110664 -> 
  custom:framework-osx-AVFoundation: e770b220cccbd017edd2c1fefb359320 -> 
  custom:video-decoder-webm-vp8: 9c59270c3fd7afecdb556c50c9e8de78 -> 
  custom:graphics/normal-map-encoding: 01000000000000000000000000000000 -> 02000000000000000000000000000000
  custom:audio-decoder-ogg-vorbis: bf7c407c2cedff20999df2af8eb42d56 -> 
  custom:audio-encoder-webm-vorbis: bf7c407c2cedff20999df2af8eb42d56 -> 
========================================================================
Received Prepare
Refreshing native plugins compatible for Editor in 0.89 ms, found 2 plugins.
Preloading 0 native plugins for Editor in 0.00 ms.
Unloading 22 Unused Serialized files (Serialized files now loaded: 0)
System memory in use before: 156.6 MB.
System memory in use after: 156.1 MB.

Unloading 22 unused Assets to reduce memory usage. Loaded Objects now: 2017.
Total: 2.008625 ms (FindLiveObjects: 0.060416 ms CreateObjectMapping: 0.028125 ms MarkObjects: 1.720167 ms  DeleteObjects: 0.199375 ms)

AssetImportParameters requested are different than current active one (requested -> active):
  custom:video-decoder-ogg-theora: a1e56fd34408186e4bbccfd4996cb3dc -> 
  custom:container-muxer-webm: aa71ff27fc2769a1b78a27578f13a17b -> 
  custom:container-demuxer-webm: 4f35f7cbe854078d1ac9338744f61a02 -> 
  custom:container-demuxer-ogg: 62fdf1f143b41e24485cea50d1cbac27 -> 
  custom:video-encoder-webm-vp8: eb34c28f22e8b96e1ab97ce403110664 -> 
  custom:framework-osx-AVFoundation: e770b220cccbd017edd2c1fefb359320 -> 
  custom:video-decoder-webm-vp8: 9c59270c3fd7afecdb556c50c9e8de78 -> 
  custom:audio-decoder-ogg-vorbis: bf7c407c2cedff20999df2af8eb42d56 -> 
  custom:audio-encoder-webm-vorbis: bf7c407c2cedff20999df2af8eb42d56 -> 
========================================================================
Received Prepare
Registering precompiled user dll's ...
Registered in 0.002921 seconds.
Begin MonoManager ReloadAssembly
Symbol file LoadedFromMemory doesn't match image /Users/tugrulhasanfurkanabay/Documents/GitHub/Hexfall_Demo/HexFall_Demo/Library/PackageCache/com.unity.collab-proxy@1.15.15/Lib/Editor/PlasticSCM/unityplastic.dll
Native extension for OSXStandalone target not found
Refreshing native plugins compatible for Editor in 0.30 ms, found 2 plugins.
Preloading 0 native plugins for Editor in 0.00 ms.
2022-05-01 16:33:05.543 Unity[42293:1687482] NSEventModifierFlagFunction specified to -setKeyEquivalentModifierMask: for item <NSMenuItem: 0x600000c604d0 Font Asset, ke='Command-F12'>, but is only supported for system-provided menu items; will not be used
Mono: successfully reloaded assembly
- Completed reload, in  2.581 seconds
Domain Reload Profiling:
	ReloadAssembly (2585ms)
		BeginReloadAssembly (553ms)
			ExecutionOrderSort (0ms)
			DisableScriptedObjects (220ms)
			BackupInstance (0ms)
			ReleaseScriptingObjects (0ms)
			CreateAndSetChildDomain (106ms)
		EndReloadAssembly (1922ms)
			LoadAssemblies (321ms)
			RebuildTransferFunctionScriptingTraits (0ms)
			SetupTypeCache (300ms)
			ReleaseScriptCaches (1ms)
			RebuildScriptCaches (43ms)
			SetupLoadedEditorAssemblies (1080ms)
				LogAssemblyErrors (0ms)
				InitializePlatformSupportModulesInManaged (14ms)
				SetLoadedEditorAssemblies (1ms)
				RefreshPlugins (0ms)
				BeforeProcessingInitializeOnLoad (162ms)
				ProcessInitializeOnLoadAttributes (871ms)
				ProcessInitializeOnLoadMethodAttributes (30ms)
				AfterProcessingInitializeOnLoad (1ms)
				EditorAssembliesLoaded (0ms)
			ExecutionOrderSort2 (0ms)
			AwakeInstancesAfterBackupRestoration (34ms)
Platform modules already initialized, skipping
Switching build target platform(2) subTarget(0) extendedPlatform(0) -> platform(13) subTarget(537395200) extendedPlatform(0)
Refreshing native plugins compatible for Editor in 0.26 ms, found 2 plugins.
Preloading 0 native plugins for Editor in 0.00 ms.
Unloading 1523 Unused Serialized files (Serialized files now loaded: 0)
System memory in use before: 186.7 MB.
System memory in use after: 186.2 MB.

Unloading 24 unused Assets to reduce memory usage. Loaded Objects now: 2020.
Total: 2.159542 ms (FindLiveObjects: 0.075041 ms CreateObjectMapping: 0.029667 ms MarkObjects: 1.784291 ms  DeleteObjects: 0.269542 ms)

AssetImportParameters requested are different than current active one (requested -> active):
  custom:video-decoder-ogg-theora: a1e56fd34408186e4bbccfd4996cb3dc -> 
  custom:container-muxer-webm: aa71ff27fc2769a1b78a27578f13a17b -> 
  custom:container-demuxer-webm: 4f35f7cbe854078d1ac9338744f61a02 -> 
  custom:container-demuxer-ogg: 62fdf1f143b41e24485cea50d1cbac27 -> 
  custom:video-encoder-webm-vp8: eb34c28f22e8b96e1ab97ce403110664 -> 
  custom:framework-osx-AVFoundation: e770b220cccbd017edd2c1fefb359320 -> 
  custom:video-decoder-webm-vp8: 9c59270c3fd7afecdb556c50c9e8de78 -> 
  custom:graphics/normal-map-encoding: 01000000000000000000000000000000 -> 02000000000000000000000000000000
  custom:audio-decoder-ogg-vorbis: bf7c407c2cedff20999df2af8eb42d56 -> 
  custom:audio-encoder-webm-vorbis: bf7c407c2cedff20999df2af8eb42d56 -> 
